<?xml version="1.0" encoding="UTF-8"?>
<!-- Generated by org.testng.reporters.JUnitReportReporter -->
<testsuite skipped="0" hostname="DESKTOP-BEP3CEL" name="testRunnerTatoc.Tatoctestrunner" tests="1" failures="0" timestamp="09 Aug 2020 12:47:08 GMT" time="75.004" errors="0">
  <testcase name="feature" time="75.004" classname="testRunnerTatoc.Tatoctestrunner"/>
</testsuite> <!-- testRunnerTatoc.Tatoctestrunner -->
